This is pdfTeX, Version 3.14159265-2.6-1.40.19 (MiKTeX 2.9.6630 64-bit) (preloaded format=pdflatex 2020.6.24)  2 DEC 2020 16:47
entering extended mode
**./ArcGIS_Tutorial.tex
(ArcGIS_Tutorial.tex
LaTeX2e <2017-04-15>
Babel <3.18> and hyphenation patterns for 75 language(s) loaded.
("C:\Users\mahes\AppData\Local\Programs\MiKTeX 2.9\tex\latex\base\book.cls"
Document Class: book 2014/09/29 v1.4h Standard LaTeX document class
("C:\Users\mahes\AppData\Local\Programs\MiKTeX 2.9\tex\latex\base\bk12.clo"
File: bk12.clo 2014/09/29 v1.4h Standard LaTeX file (size option)
)
\c@part=\count79
\c@chapter=\count80
\c@section=\count81
\c@subsection=\count82
\c@subsubsection=\count83
\c@paragraph=\count84
\c@subparagraph=\count85
\c@figure=\count86
\c@table=\count87
\abovecaptionskip=\skip41
\belowcaptionskip=\skip42
\bibindent=\dimen102
)
("C:\Users\mahes\AppData\Local\Programs\MiKTeX 2.9\tex\latex\graphics\graphicx.
sty"
Package: graphicx 2019/11/30 v1.2a Enhanced LaTeX Graphics (DPC,SPQR)

("C:\Users\mahes\AppData\Local\Programs\MiKTeX 2.9\tex\latex\graphics\keyval.st
y"
Package: keyval 2014/10/28 v1.15 key=value parser (DPC)
\KV@toks@=\toks14
)
("C:\Users\mahes\AppData\Local\Programs\MiKTeX 2.9\tex\latex\graphics\graphics.
sty"
Package: graphics 2019/11/30 v1.4a Standard LaTeX Graphics (DPC,SPQR)

("C:\Users\mahes\AppData\Local\Programs\MiKTeX 2.9\tex\latex\graphics\trig.sty"
Package: trig 2016/01/03 v1.10 sin cos tan (DPC)
)
("C:\Users\mahes\AppData\Local\Programs\MiKTeX 2.9\tex\latex\graphics-cfg\graph
ics.cfg"
File: graphics.cfg 2016/06/04 v1.11 sample graphics configuration
)
Package graphics Info: Driver file: pdftex.def on input line 105.

("C:\Users\mahes\AppData\Local\Programs\MiKTeX 2.9\tex\latex\graphics-def\pdfte
x.def"
File: pdftex.def 2018/01/08 v1.0l Graphics/color driver for pdftex
))
\Gin@req@height=\dimen103
\Gin@req@width=\dimen104
)
("C:\Users\mahes\AppData\Local\Programs\MiKTeX 2.9\tex\latex\fancyhdr\fancyhdr.
sty"
Package: fancyhdr 2019/01/31 v3.10 Extensive control of page headers and footer
s
\f@nch@headwidth=\skip43
\f@nch@O@elh=\skip44
\f@nch@O@erh=\skip45
\f@nch@O@olh=\skip46
\f@nch@O@orh=\skip47
\f@nch@O@elf=\skip48
\f@nch@O@erf=\skip49
\f@nch@O@olf=\skip50
\f@nch@O@orf=\skip51
) (ArcGIS_Tutorial.aux (chapters/ch_installation.aux)
(chapters/ch_arcmap_interface.aux) (chapters/ch_labelling_and_symbolization.aux
) (chapters/ch_georeferencing.aux) (chapters/ch_geodatabase_creation.aux

LaTeX Warning: Label `fig:geodatabase_folder_connection' multiply defined.

) (chapter/ch_attribute_data.aux))
\openout1 = `ArcGIS_Tutorial.aux'.

LaTeX Font Info:    Checking defaults for OML/cmm/m/it on input line 11.
LaTeX Font Info:    ... okay on input line 11.
LaTeX Font Info:    Checking defaults for T1/cmr/m/n on input line 11.
LaTeX Font Info:    ... okay on input line 11.
LaTeX Font Info:    Checking defaults for OT1/cmr/m/n on input line 11.
LaTeX Font Info:    ... okay on input line 11.
LaTeX Font Info:    Checking defaults for OMS/cmsy/m/n on input line 11.
LaTeX Font Info:    ... okay on input line 11.
LaTeX Font Info:    Checking defaults for OMX/cmex/m/n on input line 11.
LaTeX Font Info:    ... okay on input line 11.
LaTeX Font Info:    Checking defaults for U/cmr/m/n on input line 11.
LaTeX Font Info:    ... okay on input line 11.

("C:\Users\mahes\AppData\Local\Programs\MiKTeX 2.9\tex\context\base\mkii\supp-p
df.mkii"
[Loading MPS to PDF converter (version 2006.09.02).]
\scratchcounter=\count88
\scratchdimen=\dimen105
\scratchbox=\box26
\nofMPsegments=\count89
\nofMParguments=\count90
\everyMPshowfont=\toks15
\MPscratchCnt=\count91
\MPscratchDim=\dimen106
\MPnumerator=\count92
\makeMPintoPDFobject=\count93
\everyMPtoPDFconversion=\toks16
)
("C:\Users\mahes\AppData\Local\Programs\MiKTeX 2.9\tex\latex\oberdiek\epstopdf-
base.sty"
Package: epstopdf-base 2016/05/15 v2.6 Base part for package epstopdf

("C:\Users\mahes\AppData\Local\Programs\MiKTeX 2.9\tex\generic\oberdiek\infware
rr.sty"
Package: infwarerr 2016/05/16 v1.4 Providing info/warning/error messages (HO)
)
("C:\Users\mahes\AppData\Local\Programs\MiKTeX 2.9\tex\latex\oberdiek\grfext.st
y"
Package: grfext 2016/05/16 v1.2 Manage graphics extensions (HO)

("C:\Users\mahes\AppData\Local\Programs\MiKTeX 2.9\tex\generic\oberdiek\kvdefin
ekeys.sty"
Package: kvdefinekeys 2016/05/16 v1.4 Define keys (HO)

("C:\Users\mahes\AppData\Local\Programs\MiKTeX 2.9\tex\generic\oberdiek\ltxcmds
.sty"
Package: ltxcmds 2016/05/16 v1.23 LaTeX kernel commands for general use (HO)
)))
("C:\Users\mahes\AppData\Local\Programs\MiKTeX 2.9\tex\latex\oberdiek\kvoptions
.sty"
Package: kvoptions 2016/05/16 v3.12 Key value format for package options (HO)

("C:\Users\mahes\AppData\Local\Programs\MiKTeX 2.9\tex\generic\oberdiek\kvsetke
ys.sty"
Package: kvsetkeys 2016/05/16 v1.17 Key value parser (HO)

("C:\Users\mahes\AppData\Local\Programs\MiKTeX 2.9\tex\generic\oberdiek\etexcmd
s.sty"
Package: etexcmds 2016/05/16 v1.6 Avoid name clashes with e-TeX commands (HO)

("C:\Users\mahes\AppData\Local\Programs\MiKTeX 2.9\tex\generic\oberdiek\ifluate
x.sty"
Package: ifluatex 2016/05/16 v1.4 Provides the ifluatex switch (HO)
Package ifluatex Info: LuaTeX not detected.
)
Package etexcmds Info: Could not find \expanded.
(etexcmds)             That can mean that you are not using pdfTeX 1.50 or
(etexcmds)             that some package has redefined \expanded.
(etexcmds)             In the latter case, load this package earlier.
)))
("C:\Users\mahes\AppData\Local\Programs\MiKTeX 2.9\tex\generic\oberdiek\pdftexc
mds.sty"
Package: pdftexcmds 2018/01/21 v0.26 Utility functions of pdfTeX for LuaTeX (HO
)

("C:\Users\mahes\AppData\Local\Programs\MiKTeX 2.9\tex\generic\oberdiek\ifpdf.s
ty"
Package: ifpdf 2017/03/15 v3.2 Provides the ifpdf switch
)
Package pdftexcmds Info: LuaTeX not detected.
Package pdftexcmds Info: \pdf@primitive is available.
Package pdftexcmds Info: \pdf@ifprimitive is available.
Package pdftexcmds Info: \pdfdraftmode found.
)
Package epstopdf-base Info: Redefining graphics rule for `.eps' on input line 4
38.
Package grfext Info: Graphics extension search list:
(grfext)             [.pdf,.png,.jpg,.mps,.jpeg,.jbig2,.jb2,.PDF,.PNG,.JPG,.JPE
G,.JBIG2,.JB2,.eps]
(grfext)             \AppendGraphicsExtensions on input line 456.
)
LaTeX Font Info:    External font `cmex10' loaded for size
(Font)              <14.4> on input line 14.
LaTeX Font Info:    External font `cmex10' loaded for size
(Font)              <7> on input line 14.
 [1


{C:/Users/mahes/AppData/Local/MiKTeX/2.9/pdftex/config/pdftex.map}]

Package Fancyhdr Warning: \headheight is too small (12.0pt): 
Make it at least 14.49998pt.
We now make it that large for the rest of the document.
This may cause the page layout to be inconsistent, however.

[2

] (ArcGIS_Tutorial.toc
LaTeX Font Info:    External font `cmex10' loaded for size
(Font)              <12> on input line 3.
LaTeX Font Info:    External font `cmex10' loaded for size
(Font)              <8> on input line 3.
LaTeX Font Info:    External font `cmex10' loaded for size
(Font)              <6> on input line 3.
 [3])
\tf@toc=\write3
\openout3 = `ArcGIS_Tutorial.toc'.

 [4] (ArcGIS_Tutorial.lof)
\tf@lof=\write4
\openout4 = `ArcGIS_Tutorial.lof'.

 [5

] [6

]
(ArcGIS_Tutorial.lot)
\tf@lot=\write5
\openout5 = `ArcGIS_Tutorial.lot'.

 [7]
\openout2 = `chapters/ch_installation.aux'.

 (chapters/ch_installation.tex
Chapter 1.
Missing character: There is no ‚ in font cmr12!
Missing character: There is no Ä in font cmr12!
Missing character: There is no ú in font cmr12!
Missing character: There is no ‚ in font cmr12!
Missing character: There is no Ä in font cmr12!
Missing character: There is no ù in font cmr12!

Overfull \hbox (35.78691pt too wide) in paragraph at lines 13--14
[]\OT1/cmr/m/n/12 In the first line you will see \OT1/cmr/m/it/12 SERVER|your|c
omputer|name|ANY|27009
 []

LaTeX Font Info:    Try loading font information for OMS+cmr on input line 16.
("C:\Users\mahes\AppData\Local\Programs\MiKTeX 2.9\tex\latex\base\omscmr.fd"
File: omscmr.fd 2014/09/29 v2.5h Standard LaTeX font definitions
)
LaTeX Font Info:    Font shape `OMS/cmr/m/n' in size <12> not available
(Font)              Font shape `OMS/cmsy/m/n' tried instead on input line 16.
)
[1


]
\openout2 = `chapters/ch_arcmap_interface.aux'.

 (chapters/ch_arcmap_interface.tex [2



]
Chapter 2.
<images/interface.png, id=35, 714.16812pt x 379.91937pt>
File: images/interface.png Graphic file (type png)
<use images/interface.png>
Package pdftex.def Info: images/interface.png  used on input line 23.
(pdftex.def)             Requested size: 357.08318pt x 189.95921pt.

LaTeX Warning: `h' float specifier changed to `ht'.

[3]
<images/standard_toolbar.png, id=40, 690.07813pt x 66.2475pt>
File: images/standard_toolbar.png Graphic file (type png)
<use images/standard_toolbar.png>
Package pdftex.def Info: images/standard_toolbar.png  used on input line 33.
(pdftex.def)             Requested size: 345.03821pt x 33.12366pt.
 [4 <./images/interface.png> <./images/standard_toolbar.png>]
<images/tool_toolbar.png, id=46, 789.95125pt x 81.30376pt>
File: images/tool_toolbar.png Graphic file (type png)
<use images/tool_toolbar.png>
Package pdftex.def Info: images/tool_toolbar.png  used on input line 59.
(pdftex.def)             Requested size: 394.97466pt x 40.65176pt.

Overfull \hbox (4.97466pt too wide) in paragraph at lines 59--60
 [][] 
 []

[5 <./images/tool_toolbar.png>]) [6]
\openout2 = `chapters/ch_labelling_and_symbolization.aux'.


(chapters/ch_labelling_and_symbolization.tex
Chapter 3.
[7



]
<images/properties.png, id=58, 400.99812pt x 320.19624pt>
File: images/properties.png Graphic file (type png)
<use images/properties.png>
Package pdftex.def Info: images/properties.png  used on input line 26.
(pdftex.def)             Requested size: 200.49857pt x 160.09772pt.
<images/label.png, id=59, 404.51125pt x 320.69812pt>
File: images/label.png Graphic file (type png)
<use images/label.png>
Package pdftex.def Info: images/label.png  used on input line 34.
(pdftex.def)             Requested size: 202.25513pt x 160.34866pt.
 [8 <./images/properties.png> <./images/label.png>]
Overfull \hbox (15.89896pt too wide) in paragraph at lines 53--54
[]\OT1/cmr/m/n/12 Select Cat-e-gories | Unique val-ues. In the Value Field se-l
ect DIST[]NAME.
 []

[9]) [10]
\openout2 = `chapters/ch_georeferencing.aux'.

 (chapters/ch_georeferencing.tex
Chapter 4.
<images/coordinate_system.png, id=71, 243.91125pt x 323.2075pt>
File: images/coordinate_system.png Graphic file (type png)
<use images/coordinate_system.png>
Package pdftex.def Info: images/coordinate_system.png  used on input line 21.
(pdftex.def)             Requested size: 121.95532pt x 161.60335pt.

Overfull \hbox (6.15692pt too wide) in paragraph at lines 17--24
[]\OT1/cmr/m/n/12 Import the NEPAL[]MUTM[]CM[]EVEREST[]1830.prj from \OT1/cmr/m
/it/12 Geo-ref \OT1/cmr/m/n/12 folder
 []


LaTeX Warning: `h' float specifier changed to `ht'.

[11



] [12 <./images/coordinate_system.png>]) [13]
\openout2 = `chapters/ch_geodatabase_creation.aux'.


(chapters/ch_geodatabase_creation.tex [14



]
Chapter 5.
<images/geodatabase_folder_connection.png, id=86, 294.60063pt x 305.64188pt>
File: images/geodatabase_folder_connection.png Graphic file (type png)
<use images/geodatabase_folder_connection.png>
Package pdftex.def Info: images/geodatabase_folder_connection.png  used on inpu
t line 17.
(pdftex.def)             Requested size: 147.29994pt x 152.82056pt.

LaTeX Warning: `h' float specifier changed to `ht'.

[15]) [16 <./images/geodatabase_folder_connection.png>] [17]
\openout2 = `chapter/ch_attribute_data.aux'.


No file chapter/ch_attribute_data.tex.
(ArcGIS_Tutorial.aux (chapters/ch_installation.aux)
(chapters/ch_arcmap_interface.aux) (chapters/ch_labelling_and_symbolization.aux
) (chapters/ch_georeferencing.aux) (chapters/ch_geodatabase_creation.aux)
(chapter/ch_attribute_data.aux))

LaTeX Warning: There were multiply-defined labels.

 ) 
Here is how much of TeX's memory you used:
 1733 strings out of 493305
 27472 string characters out of 3129802
 83274 words of memory out of 3000000
 5228 multiletter control sequences out of 15000+200000
 9761 words of font info for 34 fonts, out of 3000000 for 9000
 1141 hyphenation exceptions out of 8191
 41i,10n,43p,446b,293s stack positions out of 5000i,500n,10000p,200000b,50000s
<C:/Users/mahes/AppData/Local/Programs/MiKTeX 2.9/fonts/type1/public/amsfonts
/cm/cmbx12.pfb><C:/Users/mahes/AppData/Local/Programs/MiKTeX 2.9/fonts/type1/pu
blic/amsfonts/cm/cmr12.pfb><C:/Users/mahes/AppData/Local/Programs/MiKTeX 2.9/fo
nts/type1/public/amsfonts/cm/cmr17.pfb><C:/Users/mahes/AppData/Local/Programs/M
iKTeX 2.9/fonts/type1/public/amsfonts/cm/cmsy10.pfb><C:/Users/mahes/AppData/Loc
al/Programs/MiKTeX 2.9/fonts/type1/public/amsfonts/cm/cmti12.pfb>
Output written on ArcGIS_Tutorial.pdf (24 pages, 652090 bytes).
PDF statistics:
 114 PDF objects out of 1000 (max. 8388607)
 0 named destinations out of 1000 (max. 500000)
 36 words of extra memory for PDF output out of 10000 (max. 10000000)

